Determining if the pthread_create exist failed with the following output:
Change Dir: /home/florian/Aigritec/X8-9/catkin_ws/build/CMakeFiles/CMakeTmp

Run Build Command:"/usr/bin/make" "cmTC_322d5/fast"
/usr/bin/make -f CMakeFiles/cmTC_322d5.dir/build.make CMakeFiles/cmTC_322d5.dir/build
make[1]: ingresso nella directory "/home/florian/Aigritec/X8-9/catkin_ws/build/CMakeFiles/CMakeTmp"
Building C object CMakeFiles/cmTC_322d5.dir/CheckSymbolExists.c.o
/usr/bin/cc    -o CMakeFiles/cmTC_322d5.dir/CheckSymbolExists.c.o   -c /home/florian/Aigritec/X8-9/catkin_ws/build/CMakeFiles/CMakeTmp/CheckSymbolExists.c
Linking C executable cmTC_322d5
/usr/bin/cmake -E cmake_link_script CMakeFiles/cmTC_322d5.dir/link.txt --verbose=1
/usr/bin/cc      -rdynamic CMakeFiles/cmTC_322d5.dir/CheckSymbolExists.c.o  -o cmTC_322d5 
CMakeFiles/cmTC_322d5.dir/CheckSymbolExists.c.o: nella funzione "main":
CheckSymbolExists.c:(.text+0x1b): riferimento non definito a "pthread_create"
collect2: error: ld returned 1 exit status
CMakeFiles/cmTC_322d5.dir/build.make:97: recipe for target 'cmTC_322d5' failed
make[1]: *** [cmTC_322d5] Error 1
make[1]: uscita dalla directory "/home/florian/Aigritec/X8-9/catkin_ws/build/CMakeFiles/CMakeTmp"
Makefile:126: recipe for target 'cmTC_322d5/fast' failed
make: *** [cmTC_322d5/fast] Error 2

File /home/florian/Aigritec/X8-9/catkin_ws/build/CMakeFiles/CMakeTmp/CheckSymbolExists.c:
/* */
#include <pthread.h>

int main(int argc, char** argv)
{
  (void)argv;
#ifndef pthread_create
  return ((int*)(&pthread_create))[argc];
#else
  (void)argc;
  return 0;
#endif
}

Determining if the function pthread_create exists in the pthreads failed with the following output:
Change Dir: /home/florian/Aigritec/X8-9/catkin_ws/build/CMakeFiles/CMakeTmp

Run Build Command:"/usr/bin/make" "cmTC_dcd77/fast"
/usr/bin/make -f CMakeFiles/cmTC_dcd77.dir/build.make CMakeFiles/cmTC_dcd77.dir/build
make[1]: ingresso nella directory "/home/florian/Aigritec/X8-9/catkin_ws/build/CMakeFiles/CMakeTmp"
Building C object CMakeFiles/cmTC_dcd77.dir/CheckFunctionExists.c.o
/usr/bin/cc   -DCHECK_FUNCTION_EXISTS=pthread_create   -o CMakeFiles/cmTC_dcd77.dir/CheckFunctionExists.c.o   -c /usr/share/cmake-3.10/Modules/CheckFunctionExists.c
Linking C executable cmTC_dcd77
/usr/bin/cmake -E cmake_link_script CMakeFiles/cmTC_dcd77.dir/link.txt --verbose=1
/usr/bin/cc  -DCHECK_FUNCTION_EXISTS=pthread_create    -rdynamic CMakeFiles/cmTC_dcd77.dir/CheckFunctionExists.c.o  -o cmTC_dcd77 -lpthreads 
/usr/bin/ld: impossibile trovare -lpthreads
collect2: error: ld returned 1 exit status
CMakeFiles/cmTC_dcd77.dir/build.make:97: recipe for target 'cmTC_dcd77' failed
make[1]: *** [cmTC_dcd77] Error 1
make[1]: uscita dalla directory "/home/florian/Aigritec/X8-9/catkin_ws/build/CMakeFiles/CMakeTmp"
Makefile:126: recipe for target 'cmTC_dcd77/fast' failed
make: *** [cmTC_dcd77/fast] Error 2


